2022-07-16 21:10:52.434  INFO 10924 --- [main] m.order_service.OrderServiceApplication  : No active profile set, falling back to default profiles: default
2022-07-16 21:10:52.932  INFO 10924 --- [main] o.s.cloud.context.scope.GenericScope     : BeanFactory id=eb76627d-fe62-3052-a2c0-6eeeee9dfcff
2022-07-16 21:10:53.135  INFO 10924 --- [main] o.s.b.w.embedded.tomcat.TomcatWebServer  : Tomcat initialized with port(s): 8081 (http)
2022-07-16 21:10:53.143  INFO 10924 --- [main] o.apache.catalina.core.StandardService   : Starting service [Tomcat]
2022-07-16 21:10:53.143  INFO 10924 --- [main] org.apache.catalina.core.StandardEngine  : Starting Servlet engine: [Apache Tomcat/9.0.43]
2022-07-16 21:10:53.251  INFO 10924 --- [main] o.a.c.c.C.[Tomcat].[localhost].[/]       : Initializing Spring embedded WebApplicationContext
2022-07-16 21:10:53.252  INFO 10924 --- [main] w.s.c.ServletWebServerApplicationContext : Root WebApplicationContext: initialization completed in 805 ms
2022-07-16 21:10:53.343  INFO 10924 --- [main] c.a.d.s.b.a.DruidDataSourceAutoConfigure : Init DruidDataSource
2022-07-16 21:10:53.447  INFO 10924 --- [main] com.alibaba.druid.pool.DruidDataSource   : {dataSource-1} inited
2022-07-16 21:10:53.640  WARN 10924 --- [main] c.n.c.sources.URLConfigurationSource     : No URLs will be polled as dynamic configuration sources.
2022-07-16 21:10:53.641  INFO 10924 --- [main] c.n.c.sources.URLConfigurationSource     : To enable URLs as dynamic configuration sources, define System property archaius.configurationSource.additionalUrls or make config.properties available on classpath.
2022-07-16 21:10:53.647  WARN 10924 --- [main] c.n.c.sources.URLConfigurationSource     : No URLs will be polled as dynamic configuration sources.
2022-07-16 21:10:53.648  INFO 10924 --- [main] c.n.c.sources.URLConfigurationSource     : To enable URLs as dynamic configuration sources, define System property archaius.configurationSource.additionalUrls or make config.properties available on classpath.
2022-07-16 21:10:53.747  INFO 10924 --- [main] o.s.s.concurrent.ThreadPoolTaskExecutor  : Initializing ExecutorService 'applicationTaskExecutor'
2022-07-16 21:10:53.823  INFO 10924 --- [main] o.s.s.c.ThreadPoolTaskScheduler          : Initializing ExecutorService 'Nacos-Watch-Task-Scheduler'
2022-07-16 21:11:00.291  INFO 10924 --- [main] o.s.b.w.embedded.tomcat.TomcatWebServer  : Tomcat started on port(s): 8081 (http) with context path ''
2022-07-16 21:11:00.303 ERROR 10924 --- [main] c.a.c.n.registry.NacosServiceRegistry    : nacos registry, orderservice register failed...NacosRegistration{nacosDiscoveryProperties=NacosDiscoveryProperties{serverAddr='localhost:8848', endpoint='', namespace='', watchDelay=30000, logName='', service='orderservice', weight=1.0, clusterName='HZ', group='DEFAULT_GROUP', namingLoadCacheAtStart='false', metadata={preserved.register.source=SPRING_CLOUD}, registerEnabled=true, ip='192.168.202.1', networkInterface='', port=8081, secure=false, accessKey='', secretKey='', heartBeatInterval=null, heartBeatTimeout=null, ipDeleteTimeout=null, failFast=true}},

com.alibaba.nacos.api.exception.NacosException: failed to req API:/nacos/v1/ns/instance after all servers([localhost:8848]) tried: ErrCode:502, ErrMsg:<html>
<head><title>502 Bad Gateway</title></head>
<body>
<center><h1>502 Bad Gateway</h1></center>
<hr><center>nginx/1.21.6</center>
</body>
</html>

	at com.alibaba.nacos.client.naming.net.NamingProxy.reqApi(NamingProxy.java:556) ~[nacos-client-1.4.2.jar:na]
	at com.alibaba.nacos.client.naming.net.NamingProxy.reqApi(NamingProxy.java:498) ~[nacos-client-1.4.2.jar:na]
	at com.alibaba.nacos.client.naming.net.NamingProxy.reqApi(NamingProxy.java:493) ~[nacos-client-1.4.2.jar:na]
	at com.alibaba.nacos.client.naming.net.NamingProxy.registerService(NamingProxy.java:246) ~[nacos-client-1.4.2.jar:na]
	at com.alibaba.nacos.client.naming.NacosNamingService.registerInstance(NacosNamingService.java:212) ~[nacos-client-1.4.2.jar:na]
	at com.alibaba.cloud.nacos.registry.NacosServiceRegistry.register(NacosServiceRegistry.java:74) ~[spring-cloud-starter-alibaba-nacos-discovery-2.2.6.RELEASE.jar:2.2.6.RELEASE]
	at org.springframework.cloud.client.serviceregistry.AbstractAutoServiceRegistration.register(AbstractAutoServiceRegistration.java:239) ~[spring-cloud-commons-2.2.7.RELEASE.jar:2.2.7.RELEASE]
	at com.alibaba.cloud.nacos.registry.NacosAutoServiceRegistration.register(NacosAutoServiceRegistration.java:78) ~[spring-cloud-starter-alibaba-nacos-discovery-2.2.6.RELEASE.jar:2.2.6.RELEASE]
	at org.springframework.cloud.client.serviceregistry.AbstractAutoServiceRegistration.start(AbstractAutoServiceRegistration.java:138) ~[spring-cloud-commons-2.2.7.RELEASE.jar:2.2.7.RELEASE]
	at org.springframework.cloud.client.serviceregistry.AbstractAutoServiceRegistration.bind(AbstractAutoServiceRegistration.java:101) ~[spring-cloud-commons-2.2.7.RELEASE.jar:2.2.7.RELEASE]
	at org.springframework.cloud.client.serviceregistry.AbstractAutoServiceRegistration.onApplicationEvent(AbstractAutoServiceRegistration.java:88) ~[spring-cloud-commons-2.2.7.RELEASE.jar:2.2.7.RELEASE]
	at org.springframework.cloud.client.serviceregistry.AbstractAutoServiceRegistration.onApplicationEvent(AbstractAutoServiceRegistration.java:47) ~[spring-cloud-commons-2.2.7.RELEASE.jar:2.2.7.RELEASE]
	at org.springframework.context.event.SimpleApplicationEventMulticaster.doInvokeListener(SimpleApplicationEventMulticaster.java:172) ~[spring-context-5.2.13.RELEASE.jar:5.2.13.RELEASE]
	at org.springframework.context.event.SimpleApplicationEventMulticaster.invokeListener(SimpleApplicationEventMulticaster.java:165) ~[spring-context-5.2.13.RELEASE.jar:5.2.13.RELEASE]
	at org.springframework.context.event.SimpleApplicationEventMulticaster.multicastEvent(SimpleApplicationEventMulticaster.java:139) ~[spring-context-5.2.13.RELEASE.jar:5.2.13.RELEASE]
	at org.springframework.context.support.AbstractApplicationContext.publishEvent(AbstractApplicationContext.java:404) ~[spring-context-5.2.13.RELEASE.jar:5.2.13.RELEASE]
	at org.springframework.context.support.AbstractApplicationContext.publishEvent(AbstractApplicationContext.java:361) ~[spring-context-5.2.13.RELEASE.jar:5.2.13.RELEASE]
	at org.springframework.boot.web.servlet.context.WebServerStartStopLifecycle.start(WebServerStartStopLifecycle.java:46) ~[spring-boot-2.3.9.RELEASE.jar:2.3.9.RELEASE]
	at org.springframework.context.support.DefaultLifecycleProcessor.doStart(DefaultLifecycleProcessor.java:182) ~[spring-context-5.2.13.RELEASE.jar:5.2.13.RELEASE]
	at org.springframework.context.support.DefaultLifecycleProcessor.access$200(DefaultLifecycleProcessor.java:53) ~[spring-context-5.2.13.RELEASE.jar:5.2.13.RELEASE]
	at org.springframework.context.support.DefaultLifecycleProcessor$LifecycleGroup.start(DefaultLifecycleProcessor.java:360) ~[spring-context-5.2.13.RELEASE.jar:5.2.13.RELEASE]
	at org.springframework.context.support.DefaultLifecycleProcessor.startBeans(DefaultLifecycleProcessor.java:158) ~[spring-context-5.2.13.RELEASE.jar:5.2.13.RELEASE]
	at org.springframework.context.support.DefaultLifecycleProcessor.onRefresh(DefaultLifecycleProcessor.java:122) ~[spring-context-5.2.13.RELEASE.jar:5.2.13.RELEASE]
	at org.springframework.context.support.AbstractApplicationContext.finishRefresh(AbstractApplicationContext.java:895) ~[spring-context-5.2.13.RELEASE.jar:5.2.13.RELEASE]
	at org.springframework.context.support.AbstractApplicationContext.refresh(AbstractApplicationContext.java:554) ~[spring-context-5.2.13.RELEASE.jar:5.2.13.RELEASE]
	at org.springframework.boot.web.servlet.context.ServletWebServerApplicationContext.refresh(ServletWebServerApplicationContext.java:143) ~[spring-boot-2.3.9.RELEASE.jar:2.3.9.RELEASE]
	at org.springframework.boot.SpringApplication.refresh(SpringApplication.java:758) ~[spring-boot-2.3.9.RELEASE.jar:2.3.9.RELEASE]
	at org.springframework.boot.SpringApplication.refresh(SpringApplication.java:750) ~[spring-boot-2.3.9.RELEASE.jar:2.3.9.RELEASE]
	at org.springframework.boot.SpringApplication.refreshContext(SpringApplication.java:405) ~[spring-boot-2.3.9.RELEASE.jar:2.3.9.RELEASE]
	at org.springframework.boot.SpringApplication.run(SpringApplication.java:315) ~[spring-boot-2.3.9.RELEASE.jar:2.3.9.RELEASE]
	at org.springframework.boot.SpringApplication.run(SpringApplication.java:1237) ~[spring-boot-2.3.9.RELEASE.jar:2.3.9.RELEASE]
	at org.springframework.boot.SpringApplication.run(SpringApplication.java:1226) ~[spring-boot-2.3.9.RELEASE.jar:2.3.9.RELEASE]
	at mao.order_service.OrderServiceApplication.main(OrderServiceApplication.java:12) ~[classes/:na]

2022-07-16 21:11:00.304  WARN 10924 --- [main] ConfigServletWebServerApplicationContext : Exception encountered during context initialization - cancelling refresh attempt: org.springframework.context.ApplicationContextException: Failed to start bean 'webServerStartStop'; nested exception is java.lang.reflect.UndeclaredThrowableException
2022-07-16 21:11:04.288  INFO 10924 --- [main] o.s.s.concurrent.ThreadPoolTaskExecutor  : Shutting down ExecutorService 'applicationTaskExecutor'
2022-07-16 21:11:04.289  INFO 10924 --- [main] com.alibaba.druid.pool.DruidDataSource   : {dataSource-1} closing ...
2022-07-16 21:11:04.290  INFO 10924 --- [main] com.alibaba.druid.pool.DruidDataSource   : {dataSource-1} closed
2022-07-16 21:11:04.307  INFO 10924 --- [main] o.apache.catalina.core.StandardService   : Stopping service [Tomcat]
2022-07-16 21:11:04.319  INFO 10924 --- [main] ConditionEvaluationReportLoggingListener : 

Error starting ApplicationContext. To display the conditions report re-run your application with 'debug' enabled.
2022-07-16 21:11:04.326 ERROR 10924 --- [main] o.s.boot.SpringApplication               : Application run failed

org.springframework.context.ApplicationContextException: Failed to start bean 'webServerStartStop'; nested exception is java.lang.reflect.UndeclaredThrowableException
	at org.springframework.context.support.DefaultLifecycleProcessor.doStart(DefaultLifecycleProcessor.java:185) ~[spring-context-5.2.13.RELEASE.jar:5.2.13.RELEASE]
	at org.springframework.context.support.DefaultLifecycleProcessor.access$200(DefaultLifecycleProcessor.java:53) ~[spring-context-5.2.13.RELEASE.jar:5.2.13.RELEASE]
	at org.springframework.context.support.DefaultLifecycleProcessor$LifecycleGroup.start(DefaultLifecycleProcessor.java:360) ~[spring-context-5.2.13.RELEASE.jar:5.2.13.RELEASE]
	at org.springframework.context.support.DefaultLifecycleProcessor.startBeans(DefaultLifecycleProcessor.java:158) ~[spring-context-5.2.13.RELEASE.jar:5.2.13.RELEASE]
	at org.springframework.context.support.DefaultLifecycleProcessor.onRefresh(DefaultLifecycleProcessor.java:122) ~[spring-context-5.2.13.RELEASE.jar:5.2.13.RELEASE]
	at org.springframework.context.support.AbstractApplicationContext.finishRefresh(AbstractApplicationContext.java:895) ~[spring-context-5.2.13.RELEASE.jar:5.2.13.RELEASE]
	at org.springframework.context.support.AbstractApplicationContext.refresh(AbstractApplicationContext.java:554) ~[spring-context-5.2.13.RELEASE.jar:5.2.13.RELEASE]
	at org.springframework.boot.web.servlet.context.ServletWebServerApplicationContext.refresh(ServletWebServerApplicationContext.java:143) ~[spring-boot-2.3.9.RELEASE.jar:2.3.9.RELEASE]
	at org.springframework.boot.SpringApplication.refresh(SpringApplication.java:758) ~[spring-boot-2.3.9.RELEASE.jar:2.3.9.RELEASE]
	at org.springframework.boot.SpringApplication.refresh(SpringApplication.java:750) ~[spring-boot-2.3.9.RELEASE.jar:2.3.9.RELEASE]
	at org.springframework.boot.SpringApplication.refreshContext(SpringApplication.java:405) ~[spring-boot-2.3.9.RELEASE.jar:2.3.9.RELEASE]
	at org.springframework.boot.SpringApplication.run(SpringApplication.java:315) ~[spring-boot-2.3.9.RELEASE.jar:2.3.9.RELEASE]
	at org.springframework.boot.SpringApplication.run(SpringApplication.java:1237) ~[spring-boot-2.3.9.RELEASE.jar:2.3.9.RELEASE]
	at org.springframework.boot.SpringApplication.run(SpringApplication.java:1226) ~[spring-boot-2.3.9.RELEASE.jar:2.3.9.RELEASE]
	at mao.order_service.OrderServiceApplication.main(OrderServiceApplication.java:12) ~[classes/:na]
Caused by: java.lang.reflect.UndeclaredThrowableException: null
	at org.springframework.util.ReflectionUtils.rethrowRuntimeException(ReflectionUtils.java:147) ~[spring-core-5.2.13.RELEASE.jar:5.2.13.RELEASE]
	at com.alibaba.cloud.nacos.registry.NacosServiceRegistry.register(NacosServiceRegistry.java:82) ~[spring-cloud-starter-alibaba-nacos-discovery-2.2.6.RELEASE.jar:2.2.6.RELEASE]
	at org.springframework.cloud.client.serviceregistry.AbstractAutoServiceRegistration.register(AbstractAutoServiceRegistration.java:239) ~[spring-cloud-commons-2.2.7.RELEASE.jar:2.2.7.RELEASE]
	at com.alibaba.cloud.nacos.registry.NacosAutoServiceRegistration.register(NacosAutoServiceRegistration.java:78) ~[spring-cloud-starter-alibaba-nacos-discovery-2.2.6.RELEASE.jar:2.2.6.RELEASE]
	at org.springframework.cloud.client.serviceregistry.AbstractAutoServiceRegistration.start(AbstractAutoServiceRegistration.java:138) ~[spring-cloud-commons-2.2.7.RELEASE.jar:2.2.7.RELEASE]
	at org.springframework.cloud.client.serviceregistry.AbstractAutoServiceRegistration.bind(AbstractAutoServiceRegistration.java:101) ~[spring-cloud-commons-2.2.7.RELEASE.jar:2.2.7.RELEASE]
	at org.springframework.cloud.client.serviceregistry.AbstractAutoServiceRegistration.onApplicationEvent(AbstractAutoServiceRegistration.java:88) ~[spring-cloud-commons-2.2.7.RELEASE.jar:2.2.7.RELEASE]
	at org.springframework.cloud.client.serviceregistry.AbstractAutoServiceRegistration.onApplicationEvent(AbstractAutoServiceRegistration.java:47) ~[spring-cloud-commons-2.2.7.RELEASE.jar:2.2.7.RELEASE]
	at org.springframework.context.event.SimpleApplicationEventMulticaster.doInvokeListener(SimpleApplicationEventMulticaster.java:172) ~[spring-context-5.2.13.RELEASE.jar:5.2.13.RELEASE]
	at org.springframework.context.event.SimpleApplicationEventMulticaster.invokeListener(SimpleApplicationEventMulticaster.java:165) ~[spring-context-5.2.13.RELEASE.jar:5.2.13.RELEASE]
	at org.springframework.context.event.SimpleApplicationEventMulticaster.multicastEvent(SimpleApplicationEventMulticaster.java:139) ~[spring-context-5.2.13.RELEASE.jar:5.2.13.RELEASE]
	at org.springframework.context.support.AbstractApplicationContext.publishEvent(AbstractApplicationContext.java:404) ~[spring-context-5.2.13.RELEASE.jar:5.2.13.RELEASE]
	at org.springframework.context.support.AbstractApplicationContext.publishEvent(AbstractApplicationContext.java:361) ~[spring-context-5.2.13.RELEASE.jar:5.2.13.RELEASE]
	at org.springframework.boot.web.servlet.context.WebServerStartStopLifecycle.start(WebServerStartStopLifecycle.java:46) ~[spring-boot-2.3.9.RELEASE.jar:2.3.9.RELEASE]
	at org.springframework.context.support.DefaultLifecycleProcessor.doStart(DefaultLifecycleProcessor.java:182) ~[spring-context-5.2.13.RELEASE.jar:5.2.13.RELEASE]
	... 14 common frames omitted
Caused by: com.alibaba.nacos.api.exception.NacosException: failed to req API:/nacos/v1/ns/instance after all servers([localhost:8848]) tried: ErrCode:502, ErrMsg:<html>
<head><title>502 Bad Gateway</title></head>
<body>
<center><h1>502 Bad Gateway</h1></center>
<hr><center>nginx/1.21.6</center>
</body>
</html>

	at com.alibaba.nacos.client.naming.net.NamingProxy.reqApi(NamingProxy.java:556) ~[nacos-client-1.4.2.jar:na]
	at com.alibaba.nacos.client.naming.net.NamingProxy.reqApi(NamingProxy.java:498) ~[nacos-client-1.4.2.jar:na]
	at com.alibaba.nacos.client.naming.net.NamingProxy.reqApi(NamingProxy.java:493) ~[nacos-client-1.4.2.jar:na]
	at com.alibaba.nacos.client.naming.net.NamingProxy.registerService(NamingProxy.java:246) ~[nacos-client-1.4.2.jar:na]
	at com.alibaba.nacos.client.naming.NacosNamingService.registerInstance(NacosNamingService.java:212) ~[nacos-client-1.4.2.jar:na]
	at com.alibaba.cloud.nacos.registry.NacosServiceRegistry.register(NacosServiceRegistry.java:74) ~[spring-cloud-starter-alibaba-nacos-discovery-2.2.6.RELEASE.jar:2.2.6.RELEASE]
	... 27 common frames omitted

2022-07-16 21:11:55.180  WARN 10924 --- [Thread-10] c.a.nacos.common.notify.NotifyCenter     : [NotifyCenter] Start destroying Publisher
2022-07-16 21:11:55.180  WARN 10924 --- [Thread-4] c.a.n.common.http.HttpClientBeanHolder   : [HttpClientBeanHolder] Start destroying common HttpClient
2022-07-16 21:11:55.181  WARN 10924 --- [Thread-10] c.a.nacos.common.notify.NotifyCenter     : [NotifyCenter] Destruction of the end
2022-07-16 21:11:55.181  WARN 10924 --- [Thread-4] c.a.n.common.http.HttpClientBeanHolder   : [HttpClientBeanHolder] Destruction of the end
2022-07-16 21:41:56.414  INFO 3048 --- [main] m.order_service.OrderServiceApplication  : No active profile set, falling back to default profiles: default
2022-07-16 21:41:56.872  INFO 3048 --- [main] o.s.cloud.context.scope.GenericScope     : BeanFactory id=c3d7e897-58b0-323d-a519-1730826476f5
2022-07-16 21:41:57.076  INFO 3048 --- [main] o.s.b.w.embedded.tomcat.TomcatWebServer  : Tomcat initialized with port(s): 8081 (http)
2022-07-16 21:41:57.083  INFO 3048 --- [main] o.apache.catalina.core.StandardService   : Starting service [Tomcat]
2022-07-16 21:41:57.083  INFO 3048 --- [main] org.apache.catalina.core.StandardEngine  : Starting Servlet engine: [Apache Tomcat/9.0.43]
2022-07-16 21:41:57.193  INFO 3048 --- [main] o.a.c.c.C.[Tomcat].[localhost].[/]       : Initializing Spring embedded WebApplicationContext
2022-07-16 21:41:57.193  INFO 3048 --- [main] w.s.c.ServletWebServerApplicationContext : Root WebApplicationContext: initialization completed in 765 ms
2022-07-16 21:41:57.275  INFO 3048 --- [main] c.a.d.s.b.a.DruidDataSourceAutoConfigure : Init DruidDataSource
2022-07-16 21:41:57.361  INFO 3048 --- [main] com.alibaba.druid.pool.DruidDataSource   : {dataSource-1} inited
2022-07-16 21:41:57.647  WARN 3048 --- [main] c.n.c.sources.URLConfigurationSource     : No URLs will be polled as dynamic configuration sources.
2022-07-16 21:41:57.647  INFO 3048 --- [main] c.n.c.sources.URLConfigurationSource     : To enable URLs as dynamic configuration sources, define System property archaius.configurationSource.additionalUrls or make config.properties available on classpath.
2022-07-16 21:41:57.650  WARN 3048 --- [main] c.n.c.sources.URLConfigurationSource     : No URLs will be polled as dynamic configuration sources.
2022-07-16 21:41:57.650  INFO 3048 --- [main] c.n.c.sources.URLConfigurationSource     : To enable URLs as dynamic configuration sources, define System property archaius.configurationSource.additionalUrls or make config.properties available on classpath.
2022-07-16 21:41:57.728  INFO 3048 --- [main] o.s.s.concurrent.ThreadPoolTaskExecutor  : Initializing ExecutorService 'applicationTaskExecutor'
2022-07-16 21:41:57.791  INFO 3048 --- [main] o.s.s.c.ThreadPoolTaskScheduler          : Initializing ExecutorService 'Nacos-Watch-Task-Scheduler'
2022-07-16 21:41:58.159  INFO 3048 --- [main] o.s.b.w.embedded.tomcat.TomcatWebServer  : Tomcat started on port(s): 8081 (http) with context path ''
2022-07-16 21:41:58.188  INFO 3048 --- [main] c.a.c.n.registry.NacosServiceRegistry    : nacos registry, DEFAULT_GROUP orderservice 192.168.202.1:8081 register finished
2022-07-16 21:41:58.298  INFO 3048 --- [main] m.order_service.OrderServiceApplication  : Started OrderServiceApplication in 2.625 seconds (JVM running for 3.171)
2022-07-16 21:41:58.518  INFO 3048 --- [main] c.netflix.loadbalancer.BaseLoadBalancer  : Client: userservice instantiated a LoadBalancer: DynamicServerListLoadBalancer:{NFLoadBalancer:name=userservice,current list of Servers=[],Load balancer stats=Zone stats: {},Server stats: []}ServerList:null
2022-07-16 21:41:58.530  INFO 3048 --- [main] c.n.l.DynamicServerListLoadBalancer      : Using serverListUpdater PollingServerListUpdater
2022-07-16 21:41:58.561  INFO 3048 --- [main] c.n.l.DynamicServerListLoadBalancer      : DynamicServerListLoadBalancer for client userservice initialized: DynamicServerListLoadBalancer:{NFLoadBalancer:name=userservice,current list of Servers=[192.168.202.1:8082],Load balancer stats=Zone stats: {unknown=[Zone:unknown;	Instance count:1;	Active connections count: 0;	Circuit breaker tripped count: 0;	Active connections per server: 0.0;]
},Server stats: [[Server:192.168.202.1:8082;	Zone:UNKNOWN;	Total Requests:0;	Successive connection failure:0;	Total blackout seconds:0;	Last connection made:Thu Jan 01 08:00:00 CST 1970;	First connection made: Thu Jan 01 08:00:00 CST 1970;	Active Connections:0;	total failure count in last (1000) msecs:0;	average resp time:0.0;	90 percentile resp time:0.0;	95 percentile resp time:0.0;	min resp time:0.0;	max resp time:0.0;	stddev resp time:0.0]
]}ServerList:com.alibaba.cloud.nacos.ribbon.NacosServerList@14dbfdb1
2022-07-16 21:45:14.779  INFO 3048 --- [http-nio-8081-exec-2] o.a.c.c.C.[Tomcat].[localhost].[/]       : Initializing Spring DispatcherServlet 'dispatcherServlet'
2022-07-16 21:45:14.780  INFO 3048 --- [http-nio-8081-exec-2] o.s.web.servlet.DispatcherServlet        : Initializing Servlet 'dispatcherServlet'
2022-07-16 21:45:14.784  INFO 3048 --- [http-nio-8081-exec-2] o.s.web.servlet.DispatcherServlet        : Completed initialization in 4 ms
2022-07-16 21:45:15.027 DEBUG 3048 --- [http-nio-8081-exec-2] m.o.mapper.OrderMapper.findById          : ==>  Preparing: select * from tb_order where id = ?
2022-07-16 21:45:15.044 DEBUG 3048 --- [http-nio-8081-exec-2] m.o.mapper.OrderMapper.findById          : ==> Parameters: 101(Long)
2022-07-16 21:45:15.068 DEBUG 3048 --- [http-nio-8081-exec-2] m.o.mapper.OrderMapper.findById          : <==      Total: 1
2022-07-16 21:46:32.733  WARN 3048 --- [http-nio-8081-exec-4] c.a.druid.pool.DruidAbstractDataSource   : discard long time none received connection. , jdbcUrl : jdbc:mysql://localhost:3306/cloud_order, version : 1.2.8, lastPacketReceivedIdleMillis : 77669
2022-07-16 21:46:32.754 DEBUG 3048 --- [http-nio-8081-exec-4] m.o.mapper.OrderMapper.findById          : ==>  Preparing: select * from tb_order where id = ?
2022-07-16 21:46:32.754 DEBUG 3048 --- [http-nio-8081-exec-4] m.o.mapper.OrderMapper.findById          : ==> Parameters: 102(Long)
2022-07-16 21:46:32.755 DEBUG 3048 --- [http-nio-8081-exec-4] m.o.mapper.OrderMapper.findById          : <==      Total: 1
2022-07-16 21:51:23.211  WARN 3048 --- [http-nio-8081-exec-4] c.a.druid.pool.DruidAbstractDataSource   : discard long time none received connection. , jdbcUrl : jdbc:mysql://localhost:3306/cloud_order, version : 1.2.8, lastPacketReceivedIdleMillis : 290455
2022-07-16 21:51:23.232 DEBUG 3048 --- [http-nio-8081-exec-4] m.o.mapper.OrderMapper.findById          : ==>  Preparing: select * from tb_order where id = ?
2022-07-16 21:51:23.232 DEBUG 3048 --- [http-nio-8081-exec-4] m.o.mapper.OrderMapper.findById          : ==> Parameters: 102(Long)
2022-07-16 21:51:23.233 DEBUG 3048 --- [http-nio-8081-exec-4] m.o.mapper.OrderMapper.findById          : <==      Total: 1
2022-07-16 21:51:23.803 DEBUG 3048 --- [http-nio-8081-exec-6] m.o.mapper.OrderMapper.findById          : ==>  Preparing: select * from tb_order where id = ?
2022-07-16 21:51:23.804 DEBUG 3048 --- [http-nio-8081-exec-6] m.o.mapper.OrderMapper.findById          : ==> Parameters: 102(Long)
2022-07-16 21:51:23.806 DEBUG 3048 --- [http-nio-8081-exec-6] m.o.mapper.OrderMapper.findById          : <==      Total: 1
2022-07-16 21:51:24.124 DEBUG 3048 --- [http-nio-8081-exec-8] m.o.mapper.OrderMapper.findById          : ==>  Preparing: select * from tb_order where id = ?
2022-07-16 21:51:24.124 DEBUG 3048 --- [http-nio-8081-exec-8] m.o.mapper.OrderMapper.findById          : ==> Parameters: 102(Long)
2022-07-16 21:51:24.126 DEBUG 3048 --- [http-nio-8081-exec-8] m.o.mapper.OrderMapper.findById          : <==      Total: 1
2022-07-16 21:51:24.333 DEBUG 3048 --- [http-nio-8081-exec-9] m.o.mapper.OrderMapper.findById          : ==>  Preparing: select * from tb_order where id = ?
2022-07-16 21:51:24.334 DEBUG 3048 --- [http-nio-8081-exec-9] m.o.mapper.OrderMapper.findById          : ==> Parameters: 102(Long)
2022-07-16 21:51:24.335 DEBUG 3048 --- [http-nio-8081-exec-9] m.o.mapper.OrderMapper.findById          : <==      Total: 1
2022-07-16 21:51:24.531 DEBUG 3048 --- [http-nio-8081-exec-10] m.o.mapper.OrderMapper.findById          : ==>  Preparing: select * from tb_order where id = ?
2022-07-16 21:51:24.532 DEBUG 3048 --- [http-nio-8081-exec-10] m.o.mapper.OrderMapper.findById          : ==> Parameters: 102(Long)
2022-07-16 21:51:24.533 DEBUG 3048 --- [http-nio-8081-exec-10] m.o.mapper.OrderMapper.findById          : <==      Total: 1
2022-07-16 21:51:24.712 DEBUG 3048 --- [http-nio-8081-exec-1] m.o.mapper.OrderMapper.findById          : ==>  Preparing: select * from tb_order where id = ?
2022-07-16 21:51:24.712 DEBUG 3048 --- [http-nio-8081-exec-1] m.o.mapper.OrderMapper.findById          : ==> Parameters: 102(Long)
2022-07-16 21:51:24.714 DEBUG 3048 --- [http-nio-8081-exec-1] m.o.mapper.OrderMapper.findById          : <==      Total: 1
2022-07-16 21:51:24.885 DEBUG 3048 --- [http-nio-8081-exec-2] m.o.mapper.OrderMapper.findById          : ==>  Preparing: select * from tb_order where id = ?
2022-07-16 21:51:24.885 DEBUG 3048 --- [http-nio-8081-exec-2] m.o.mapper.OrderMapper.findById          : ==> Parameters: 102(Long)
2022-07-16 21:51:24.886 DEBUG 3048 --- [http-nio-8081-exec-2] m.o.mapper.OrderMapper.findById          : <==      Total: 1
2022-07-16 21:51:25.051 DEBUG 3048 --- [http-nio-8081-exec-5] m.o.mapper.OrderMapper.findById          : ==>  Preparing: select * from tb_order where id = ?
2022-07-16 21:51:25.051 DEBUG 3048 --- [http-nio-8081-exec-5] m.o.mapper.OrderMapper.findById          : ==> Parameters: 102(Long)
2022-07-16 21:51:25.052 DEBUG 3048 --- [http-nio-8081-exec-5] m.o.mapper.OrderMapper.findById          : <==      Total: 1
2022-07-16 21:51:25.221 DEBUG 3048 --- [http-nio-8081-exec-4] m.o.mapper.OrderMapper.findById          : ==>  Preparing: select * from tb_order where id = ?
2022-07-16 21:51:25.222 DEBUG 3048 --- [http-nio-8081-exec-4] m.o.mapper.OrderMapper.findById          : ==> Parameters: 102(Long)
2022-07-16 21:51:25.223 DEBUG 3048 --- [http-nio-8081-exec-4] m.o.mapper.OrderMapper.findById          : <==      Total: 1
2022-07-16 21:51:25.387 DEBUG 3048 --- [http-nio-8081-exec-6] m.o.mapper.OrderMapper.findById          : ==>  Preparing: select * from tb_order where id = ?
2022-07-16 21:51:25.387 DEBUG 3048 --- [http-nio-8081-exec-6] m.o.mapper.OrderMapper.findById          : ==> Parameters: 102(Long)
2022-07-16 21:51:25.389 DEBUG 3048 --- [http-nio-8081-exec-6] m.o.mapper.OrderMapper.findById          : <==      Total: 1
2022-07-16 21:51:25.543 DEBUG 3048 --- [http-nio-8081-exec-7] m.o.mapper.OrderMapper.findById          : ==>  Preparing: select * from tb_order where id = ?
2022-07-16 21:51:25.543 DEBUG 3048 --- [http-nio-8081-exec-7] m.o.mapper.OrderMapper.findById          : ==> Parameters: 102(Long)
2022-07-16 21:51:25.544 DEBUG 3048 --- [http-nio-8081-exec-7] m.o.mapper.OrderMapper.findById          : <==      Total: 1
2022-07-16 21:51:25.722 DEBUG 3048 --- [http-nio-8081-exec-8] m.o.mapper.OrderMapper.findById          : ==>  Preparing: select * from tb_order where id = ?
2022-07-16 21:51:25.722 DEBUG 3048 --- [http-nio-8081-exec-8] m.o.mapper.OrderMapper.findById          : ==> Parameters: 102(Long)
2022-07-16 21:51:25.723 DEBUG 3048 --- [http-nio-8081-exec-8] m.o.mapper.OrderMapper.findById          : <==      Total: 1
2022-07-16 21:51:25.893 DEBUG 3048 --- [http-nio-8081-exec-10] m.o.mapper.OrderMapper.findById          : ==>  Preparing: select * from tb_order where id = ?
2022-07-16 21:51:25.893 DEBUG 3048 --- [http-nio-8081-exec-10] m.o.mapper.OrderMapper.findById          : ==> Parameters: 102(Long)
2022-07-16 21:51:25.894 DEBUG 3048 --- [http-nio-8081-exec-10] m.o.mapper.OrderMapper.findById          : <==      Total: 1
2022-07-16 21:54:00.693  WARN 3048 --- [Thread-4] c.a.n.common.http.HttpClientBeanHolder   : [HttpClientBeanHolder] Start destroying common HttpClient
2022-07-16 21:54:00.694  WARN 3048 --- [Thread-10] c.a.nacos.common.notify.NotifyCenter     : [NotifyCenter] Start destroying Publisher
2022-07-16 21:54:00.693  INFO 3048 --- [Thread-15] c.n.l.PollingServerListUpdater           : Shutting down the Executor Pool for PollingServerListUpdater
2022-07-16 21:54:00.694  WARN 3048 --- [Thread-10] c.a.nacos.common.notify.NotifyCenter     : [NotifyCenter] Destruction of the end
2022-07-16 21:54:00.694  WARN 3048 --- [Thread-4] c.a.n.common.http.HttpClientBeanHolder   : [HttpClientBeanHolder] Destruction of the end
2022-07-16 21:54:00.715  INFO 3048 --- [SpringContextShutdownHook] o.s.s.c.ThreadPoolTaskScheduler          : Shutting down ExecutorService 'Nacos-Watch-Task-Scheduler'
2022-07-16 21:54:00.716  INFO 3048 --- [SpringContextShutdownHook] c.a.c.n.registry.NacosServiceRegistry    : De-registering from Nacos Server now...
2022-07-16 21:54:00.719  INFO 3048 --- [SpringContextShutdownHook] c.a.c.n.registry.NacosServiceRegistry    : De-registration finished.
2022-07-16 21:54:06.781  WARN 3048 --- [SpringContextShutdownHook] o.s.b.f.support.DisposableBeanAdapter    : Destroy method 'close' on bean with name 'nacosServiceRegistry' threw an exception: java.lang.NullPointerException: Cannot invoke "com.alibaba.nacos.api.naming.NamingService.shutDown()" because "this.namingService" is null
2022-07-16 21:54:06.782  INFO 3048 --- [SpringContextShutdownHook] o.s.s.concurrent.ThreadPoolTaskExecutor  : Shutting down ExecutorService 'applicationTaskExecutor'
2022-07-16 21:54:06.794  INFO 3048 --- [SpringContextShutdownHook] com.alibaba.druid.pool.DruidDataSource   : {dataSource-1} closing ...
2022-07-16 21:54:06.796  INFO 3048 --- [SpringContextShutdownHook] com.alibaba.druid.pool.DruidDataSource   : {dataSource-1} closed
